[2026-02-20 02:49:51] No changes to commit
Everything up-to-date
[2026-02-20 02:49:51] Pushed to origin
[2026-02-20 02:49:51] Backup complete
[2026-02-20 04:00:01] No changes to commit
Everything up-to-date
[2026-02-20 04:00:01] Pushed to origin
[2026-02-20 04:00:01] Backup complete
[2026-02-20 06:00:01] No changes to commit
Everything up-to-date
[2026-02-20 06:00:01] Pushed to origin
[2026-02-20 06:00:01] Backup complete
[main 2014132] Auto backup 2026-02-20 08:00:01
 1 file changed, 4 insertions(+)
[2026-02-20 08:00:01] Committed changes
To github.com:harllen1996/Memorias-openclaw.git
   2894d50..2014132  main -> main
[2026-02-20 08:00:01] Pushed to origin
[2026-02-20 08:00:01] Backup complete
[2026-02-20 08:04:27] Committed changes
To github.com:harllen1996/Memorias-openclaw.git
   2014132..b06c0ed  main -> main
[2026-02-20 08:04:27] Pushed to origin
[2026-02-20 08:04:27] Backup complete
[2026-02-20 10:00:01] No changes to commit
Everything up-to-date
[2026-02-20 10:00:01] Pushed to origin
[2026-02-20 10:00:01] Backup complete
[2026-02-20 11:40:57] Committed changes
To github.com:harllen1996/Memorias-openclaw.git
   2a60a8e..5e52fb8  main -> main
[2026-02-20 11:40:57] Pushed to origin
[2026-02-20 11:40:57] Backup complete
[2026-02-20 11:49:24] Committed changes
To github.com:harllen1996/Memorias-openclaw.git
   5e52fb8..90f8d65  main -> main
[2026-02-20 11:49:24] Pushed to origin
[2026-02-20 11:49:24] Backup complete
[main 8298ee6] Auto backup 2026-02-20 12:00:01
 1 file changed, 5 insertions(+)
[2026-02-20 12:00:01] Committed changes
To github.com:harllen1996/Memorias-openclaw.git
   90f8d65..8298ee6  main -> main
[2026-02-20 12:00:01] Pushed to origin
[2026-02-20 12:00:01] Backup complete
